<?xml version="1.0" encoding="UTF-8"?>
<!-- Generated by org.testng.reporters.JUnitReportReporter -->
<testsuite hostname="LAPTOP-3GA981PS" name="com.learnautomation.selenium.Demo" tests="2" failures="0" timestamp="6 Apr 2018 06:21:36 GMT" time="26.699" errors="0">
  <testcase name="login" time="11.925" classname="com.learnautomation.selenium.Demo"/>
  <testcase name="login" time="14.774" classname="com.learnautomation.selenium.Demo"/>
</testsuite> <!-- com.learnautomation.selenium.Demo -->
