<?xml version="1.0" encoding="UTF-8"?>
<!-- Generated by org.testng.reporters.JUnitReportReporter -->
<testsuite hostname="LAPTOP-3GA981PS" name="com.learnautomation.selenium.Demo" tests="2" failures="0" timestamp="5 Apr 2018 09:08:27 GMT" time="25.596" errors="0">
  <testcase name="login" time="13.450" classname="com.learnautomation.selenium.Demo"/>
  <testcase name="login" time="12.146" classname="com.learnautomation.selenium.Demo"/>
</testsuite> <!-- com.learnautomation.selenium.Demo -->
